TN:
SF:/Users/macbook/Documents/Blockchain/Rare/RareSkills/Echidna/node_modules/@openzeppelin/contracts/access/Ownable.sol
DA:1,0
DA:29,0
DA:36,0
DA:43,0
DA:44,0
DA:50,0
DA:51,0
DA:61,0
DA:62,0
DA:69,0
DA:70,0
DA:71,0
DA:78,0
DA:79,0
DA:80,0
DA:81,0
end_of_record

SF:/Users/macbook/Documents/Blockchain/Rare/RareSkills/Echidna/node_modules/@openzeppelin/contracts/token/ERC20/ERC20.sol
DA:38,0
DA:54,0
DA:55,0
DA:56,0
DA:62,0
DA:63,0
DA:70,0
DA:71,0
DA:87,0
DA:88,0
DA:94,4
DA:95,4
DA:101,39
DA:102,21
DA:113,7
DA:114,7
DA:115,7
DA:116,4
DA:122,7
DA:123,38
DA:136,7
DA:137,7
DA:138,7
DA:139,4
DA:158,8
DA:159,7
DA:160,7
DA:161,7
DA:162,4
DA:177,0
DA:178,0
DA:179,0
DA:180,0
DA:197,0
DA:198,0
DA:199,0
DA:200,0
DA:202,0
DA:205,0
DA:222,6
DA:223,10
DA:224,10
DA:226,7
DA:228,22
DA:229,7
DA:231,25
DA:234,31
DA:237,23
DA:239,7
DA:251,4
DA:252,10
DA:254,7
DA:256,19
DA:259,31
DA:261,23
DA:263,7
DA:277,5
DA:278,10
DA:280,7
DA:282,22
DA:283,7
DA:285,25
DA:287,14
DA:290,23
DA:292,7
DA:308,5
DA:309,10
DA:310,10
DA:312,40
DA:313,23
DA:324,6
DA:325,9
DA:326,6
DA:327,0
DA:329,0
DA:348,5
DA:364,5
end_of_record

SF:/Users/macbook/Documents/Blockchain/Rare/RareSkills/Echidna/node_modules/@openzeppelin/contracts/token/ERC20/IERC20.sol
end_of_record

SF:/Users/macbook/Documents/Blockchain/Rare/RareSkills/Echidna/node_modules/@openzeppelin/contracts/token/ERC20/extensions/IERC20Metadata.sol
end_of_record

SF:/Users/macbook/Documents/Blockchain/Rare/RareSkills/Echidna/node_modules/@openzeppelin/contracts/token/ERC20/extensions/IERC20Permit.sol
end_of_record

SF:/Users/macbook/Documents/Blockchain/Rare/RareSkills/Echidna/node_modules/@openzeppelin/contracts/token/ERC20/utils/SafeERC20.sol
DA:19,0
DA:26,5
DA:27,54
DA:117,5
DA:122,34
DA:123,27
end_of_record

SF:/Users/macbook/Documents/Blockchain/Rare/RareSkills/Echidna/node_modules/@openzeppelin/contracts/utils/Address.sol
DA:9,0
DA:40,6
DA:45,8
DA:99,7
DA:103,1
DA:104,10
DA:128,8
DA:133,1
DA:134,7
DA:135,68
DA:136,12
DA:195,9
DA:200,1
DA:201,4
DA:202,7
DA:205,0
DA:207,5
DA:209,0
DA:231,0
DA:233,0
DA:237,0
DA:238,0
DA:241,0
end_of_record

SF:/Users/macbook/Documents/Blockchain/Rare/RareSkills/Echidna/node_modules/@openzeppelin/contracts/utils/Context.sol
DA:17,4
DA:18,3
end_of_record

SF:/Users/macbook/Documents/Blockchain/Rare/RareSkills/Echidna/node_modules/@openzeppelin/contracts/utils/introspection/ERC165.sol
DA:26,0
DA:27,0
end_of_record

SF:/Users/macbook/Documents/Blockchain/Rare/RareSkills/Echidna/node_modules/@openzeppelin/contracts/utils/introspection/ERC165Checker.sol
DA:15,0
end_of_record

SF:/Users/macbook/Documents/Blockchain/Rare/RareSkills/Echidna/node_modules/@openzeppelin/contracts/utils/introspection/IERC165.sol
end_of_record

SF:/Users/macbook/Documents/Blockchain/Rare/RareSkills/Echidna/contracts/BondingCurve/BondToken.sol
DA:19,91
DA:23,0
DA:24,2
DA:26,0
DA:27,0
DA:31,38
DA:33,1
DA:34,26
DA:38,5
DA:40,1
DA:41,26
DA:46,41
DA:51,1
DA:52,28
DA:53,10
DA:54,1
DA:59,6
DA:60,0
DA:62,6
DA:64,23
DA:65,16
DA:66,22
DA:68,6
DA:69,25
DA:71,23
DA:73,0
DA:76,5
DA:81,40
DA:85,1
DA:86,23
DA:87,0
DA:89,22
DA:90,6
DA:92,5
DA:95,0
DA:97,0
DA:98,0
DA:99,0
DA:100,0
DA:101,0
DA:108,5
DA:110,2
DA:111,17
DA:112,2
DA:113,18
DA:114,1
DA:116,6
DA:117,0
DA:123,4
DA:126,1
DA:127,9
DA:128,84
end_of_record

SF:/Users/macbook/Documents/Blockchain/Rare/RareSkills/Echidna/contracts/BondingCurve/EchidnaBondTest.sol
DA:6,38
DA:7,18
DA:8,9
DA:9,17
DA:11,92
DA:12,1
DA:14,13
DA:16,79
DA:17,78
DA:18,1
DA:21,26
DA:23,5
DA:24,79
DA:25,11
DA:26,1
DA:27,1
DA:29,2
DA:30,79
DA:31,78
DA:32,1
DA:34,13
DA:36,3
DA:37,2
DA:38,8
DA:40,0
DA:42,0
DA:45,94
DA:46,78
DA:47,1
DA:49,79
DA:51,6
DA:52,7
DA:53,0
DA:55,0
end_of_record

SF:/Users/macbook/Documents/Blockchain/Rare/RareSkills/Echidna/contracts/BondingCurve/IBondToken.sol
end_of_record

SF:/Users/macbook/Documents/Blockchain/Rare/RareSkills/Echidna/contracts/BondingCurve/ReserveToken.sol
DA:6,65
DA:7,0
DA:9,23
DA:10,6
end_of_record

SF:/Users/macbook/Documents/Blockchain/Rare/RareSkills/Echidna/contracts/BondingCurve/SetUp.sol
DA:7,0
DA:8,0
DA:11,0
DA:12,0
DA:16,0
DA:17,0
DA:18,0
DA:19,0
DA:21,0
DA:22,0
DA:23,0
DA:24,0
DA:27,23
DA:28,72
end_of_record

SF:/Users/macbook/Documents/Blockchain/Rare/RareSkills/Echidna/contracts/Dex/Dex.sol
DA:10,0
DA:11,0
DA:12,0
DA:14,0
DA:16,0
DA:17,0
DA:18,0
DA:21,0
DA:22,0
DA:25,0
DA:26,0
DA:27,0
DA:28,0
DA:31,0
DA:32,0
DA:35,0
DA:36,0
DA:37,0
DA:38,0
DA:41,0
DA:45,0
DA:46,0
DA:47,0
DA:50,0
DA:51,0
DA:52,0
DA:55,0
DA:58,0
DA:59,0
DA:63,0
DA:66,0
DA:71,0
DA:72,0
DA:73,0
DA:76,0
DA:77,0
DA:78,0
end_of_record

SF:/Users/macbook/Documents/Blockchain/Rare/RareSkills/Echidna/contracts/Dex/EchidnaDexTest.sol
DA:6,0
DA:7,0
DA:8,0
DA:9,0
DA:10,0
DA:11,0
DA:14,0
DA:15,0
DA:16,0
DA:17,0
DA:23,0
end_of_record

SF:/Users/macbook/Documents/Blockchain/Rare/RareSkills/Echidna/contracts/Dex/SetUp.sol
DA:6,0
DA:7,0
DA:8,0
DA:9,0
DA:11,0
DA:12,0
DA:14,0
DA:15,0
DA:17,0
DA:18,0
DA:20,0
DA:21,0
DA:23,0
end_of_record

SF:/Users/macbook/Documents/Blockchain/Rare/RareSkills/Echidna/contracts/EchidnaExercise/mintable.sol
DA:5,0
DA:6,0
DA:7,0
DA:9,0
DA:10,0
DA:13,0
DA:14,0
DA:17,0
DA:18,0
DA:22,0
DA:24,0
end_of_record

SF:/Users/macbook/Documents/Blockchain/Rare/RareSkills/Echidna/contracts/EchidnaExercise/task.sol
DA:4,0
DA:5,0
DA:12,0
DA:13,0
DA:17,0
DA:22,0
DA:25,0
DA:26,0
DA:29,0
DA:30,0
DA:33,0
DA:34,0
DA:38,0
DA:43,0
DA:44,0
DA:46,0
DA:47,0
DA:50,0
DA:51,0
end_of_record

SF:/Users/macbook/Documents/Blockchain/Rare/RareSkills/Echidna/contracts/EchidnaExercise/test.sol
DA:6,0
DA:7,0
DA:9,0
DA:10,0
DA:13,0
DA:14,0
end_of_record

SF:/Users/macbook/Documents/Blockchain/Rare/RareSkills/Echidna/contracts/EchidnaExercise/test1.sol
DA:5,0
DA:6,0
DA:7,0
DA:8,0
DA:11,0
DA:12,0
end_of_record

SF:/Users/macbook/Documents/Blockchain/Rare/RareSkills/Echidna/contracts/EchidnaExercise/test2.sol
DA:5,0
DA:6,0
DA:9,0
DA:10,0
DA:13,0
DA:14,0
end_of_record

SF:/Users/macbook/Documents/Blockchain/Rare/RareSkills/Echidna/contracts/EchidnaExercise/test3.sol
DA:5,0
DA:6,0
DA:7,0
DA:8,0
DA:10,0
DA:12,0
DA:13,0
DA:15,0
DA:16,0
end_of_record

SF:/Users/macbook/Documents/Blockchain/Rare/RareSkills/Echidna/contracts/TokenWhaleChallenge/EchidnaWhaleTest.sol
DA:5,0
DA:6,0
DA:8,0
DA:9,0
end_of_record

SF:/Users/macbook/Documents/Blockchain/Rare/RareSkills/Echidna/contracts/TokenWhaleChallenge/FixedTokenWhaleChallenge.sol
DA:3,0
DA:6,0
DA:7,0
DA:8,0
DA:10,0
DA:11,0
DA:12,0
DA:14,0
DA:15,0
DA:16,0
DA:17,0
DA:20,0
DA:21,0
DA:26,0
DA:28,0
DA:29,0
DA:32,0
DA:35,0
DA:36,0
DA:37,0
DA:39,0
DA:48,0
DA:49,0
DA:50,0
DA:53,0
DA:54,0
DA:55,0
DA:56,0
DA:58,0
DA:59,0
end_of_record

SF:/Users/macbook/Documents/Blockchain/Rare/RareSkills/Echidna/contracts/TokenWhaleChallenge/TokenWhaleChallenge.sol
DA:3,0
DA:6,0
DA:7,0
DA:8,0
DA:10,0
DA:11,0
DA:12,0
DA:14,0
DA:15,0
DA:16,0
DA:17,0
DA:20,0
DA:21,0
DA:26,0
DA:28,0
DA:29,0
DA:32,0
DA:35,0
DA:36,0
DA:37,0
DA:39,0
DA:48,0
DA:49,0
DA:50,0
DA:53,0
DA:54,0
DA:55,0
DA:56,0
DA:58,0
DA:59,0
end_of_record

SF:/Users/macbook/Documents/Blockchain/Rare/RareSkills/Echidna/node_modules/erc-payable-token/contracts/token/ERC1363/ERC1363.sol
DA:25,0
DA:26,0
DA:35,0
DA:36,0
DA:46,41
DA:47,7
DA:48,14
DA:49,3
DA:59,0
DA:60,0
DA:71,41
DA:76,1
DA:77,8
DA:78,11
DA:79,3
DA:88,0
DA:89,0
DA:99,41
DA:100,7
DA:101,10
DA:102,3
DA:114,8
DA:119,1
DA:120,10
DA:121,0
DA:124,80
DA:125,14
DA:127,0
DA:128,0
DA:132,0
DA:146,7
DA:150,1
DA:151,10
DA:152,0
DA:155,78
DA:156,14
DA:158,0
DA:159,0
DA:163,0
end_of_record

SF:/Users/macbook/Documents/Blockchain/Rare/RareSkills/Echidna/node_modules/erc-payable-token/contracts/token/ERC1363/IERC1363.sol
end_of_record

SF:/Users/macbook/Documents/Blockchain/Rare/RareSkills/Echidna/node_modules/erc-payable-token/contracts/token/ERC1363/IERC1363Receiver.sol
end_of_record

SF:/Users/macbook/Documents/Blockchain/Rare/RareSkills/Echidna/node_modules/erc-payable-token/contracts/token/ERC1363/IERC1363Spender.sol
end_of_record

