TN:
SF:/Users/macbook/Documents/Blockchain/Rare/RareSkills/hardhat/node_modules/@openzeppelin/contracts/access/Ownable.sol
DA:1,0
DA:29,0
DA:36,0
DA:43,0
DA:44,0
DA:50,0
DA:51,0
DA:61,0
DA:62,0
DA:69,0
DA:70,0
DA:71,0
DA:78,0
DA:79,0
DA:80,0
DA:81,0
end_of_record

SF:/Users/macbook/Documents/Blockchain/Rare/RareSkills/hardhat/node_modules/@openzeppelin/contracts/token/ERC20/ERC20.sol
DA:38,0
DA:54,0
DA:55,0
DA:56,0
DA:62,0
DA:63,0
DA:70,0
DA:71,0
DA:87,0
DA:88,0
DA:94,0
DA:95,0
DA:101,39
DA:102,21
DA:113,0
DA:114,0
DA:115,0
DA:116,0
DA:122,7
DA:123,38
DA:136,40
DA:137,7
DA:138,7
DA:139,4
DA:158,41
DA:159,7
DA:160,7
DA:161,7
DA:162,4
DA:177,0
DA:178,0
DA:179,0
DA:180,0
DA:197,0
DA:198,0
DA:199,0
DA:200,0
DA:202,0
DA:205,0
DA:222,6
DA:223,10
DA:224,10
DA:226,7
DA:228,22
DA:229,7
DA:231,25
DA:234,31
DA:237,23
DA:239,7
DA:251,0
DA:252,0
DA:254,0
DA:256,0
DA:259,0
DA:261,0
DA:263,0
DA:308,5
DA:309,10
DA:310,10
DA:312,40
DA:313,23
DA:324,6
DA:325,9
DA:326,6
DA:327,7
DA:329,9
DA:348,5
DA:364,5
end_of_record

SF:/Users/macbook/Documents/Blockchain/Rare/RareSkills/hardhat/node_modules/@openzeppelin/contracts/token/ERC20/IERC20.sol
end_of_record

SF:/Users/macbook/Documents/Blockchain/Rare/RareSkills/hardhat/node_modules/@openzeppelin/contracts/token/ERC20/extensions/IERC20Metadata.sol
end_of_record

SF:/Users/macbook/Documents/Blockchain/Rare/RareSkills/hardhat/node_modules/@openzeppelin/contracts/utils/Context.sol
DA:17,4
DA:18,3
end_of_record

SF:/Users/macbook/Documents/Blockchain/Rare/RareSkills/hardhat/contracts/Dex/Dex.sol
DA:10,65
DA:11,34
DA:12,34
DA:14,0
DA:16,0
DA:17,0
DA:18,0
DA:21,0
DA:22,0
DA:25,25
DA:26,3
DA:27,45
DA:28,40
DA:31,3
DA:32,69
DA:35,10
DA:36,72
DA:37,70
DA:38,72
DA:41,7
DA:45,1
DA:46,81
DA:47,66
DA:50,0
DA:51,0
DA:52,0
DA:55,39
DA:58,1
DA:59,68
DA:63,50
DA:66,0
DA:71,0
DA:72,0
DA:73,0
DA:76,0
DA:77,0
DA:78,0
end_of_record

SF:/Users/macbook/Documents/Blockchain/Rare/RareSkills/hardhat/contracts/Dex/EchidnaDexTest.sol
DA:6,29
DA:7,8
DA:8,62
DA:9,68
DA:10,68
DA:11,144
DA:14,62
DA:15,68
DA:16,68
DA:17,144
DA:23,161
end_of_record

SF:/Users/macbook/Documents/Blockchain/Rare/RareSkills/hardhat/contracts/Dex/SetUp.sol
DA:6,0
DA:7,0
DA:8,0
DA:9,0
DA:11,0
DA:12,0
DA:14,0
DA:15,0
DA:17,0
DA:18,0
DA:20,0
DA:21,0
DA:23,0
end_of_record

SF:/Users/macbook/Documents/Blockchain/Rare/RareSkills/hardhat/contracts/EchidnaExercise/mintable.sol
DA:5,0
DA:6,0
DA:7,0
DA:9,0
DA:10,0
DA:13,0
DA:14,0
DA:17,0
DA:18,0
DA:22,0
DA:24,0
end_of_record

SF:/Users/macbook/Documents/Blockchain/Rare/RareSkills/hardhat/contracts/EchidnaExercise/task.sol
DA:4,0
DA:5,0
DA:12,0
DA:13,0
DA:17,0
DA:22,0
DA:25,0
DA:26,0
DA:29,0
DA:30,0
DA:33,0
DA:34,0
DA:38,0
DA:43,0
DA:44,0
DA:46,0
DA:47,0
DA:50,0
DA:51,0
end_of_record

SF:/Users/macbook/Documents/Blockchain/Rare/RareSkills/hardhat/contracts/EchidnaExercise/test.sol
DA:6,0
DA:7,0
DA:9,0
DA:10,0
DA:13,0
DA:14,0
end_of_record

SF:/Users/macbook/Documents/Blockchain/Rare/RareSkills/hardhat/contracts/EchidnaExercise/test1.sol
DA:5,0
DA:6,0
DA:7,0
DA:8,0
DA:11,0
DA:12,0
end_of_record

SF:/Users/macbook/Documents/Blockchain/Rare/RareSkills/hardhat/contracts/EchidnaExercise/test2.sol
DA:5,0
DA:6,0
DA:9,0
DA:10,0
DA:13,0
DA:14,0
end_of_record

SF:/Users/macbook/Documents/Blockchain/Rare/RareSkills/hardhat/contracts/EchidnaExercise/test3.sol
DA:5,0
DA:6,0
DA:7,0
DA:8,0
DA:10,0
DA:12,0
DA:13,0
DA:15,0
DA:16,0
end_of_record

SF:/Users/macbook/Documents/Blockchain/Rare/RareSkills/hardhat/contracts/TokenWhaleChallenge/EchidnaTest.sol
DA:5,0
DA:6,0
DA:8,0
DA:9,0
end_of_record

SF:/Users/macbook/Documents/Blockchain/Rare/RareSkills/hardhat/contracts/TokenWhaleChallenge/FixedTokenWhaleChallenge.sol
DA:3,0
DA:6,0
DA:7,0
DA:8,0
DA:10,0
DA:11,0
DA:12,0
DA:14,0
DA:15,0
DA:16,0
DA:17,0
DA:20,0
DA:21,0
DA:26,0
DA:28,0
DA:29,0
DA:32,0
DA:35,0
DA:36,0
DA:37,0
DA:39,0
DA:48,0
DA:49,0
DA:50,0
DA:53,0
DA:54,0
DA:55,0
DA:56,0
DA:58,0
DA:59,0
end_of_record

SF:/Users/macbook/Documents/Blockchain/Rare/RareSkills/hardhat/contracts/TokenWhaleChallenge/TokenWhaleChallenge.sol
DA:3,0
DA:6,0
DA:7,0
DA:8,0
DA:10,0
DA:11,0
DA:12,0
DA:14,0
DA:15,0
DA:16,0
DA:17,0
DA:20,0
DA:21,0
DA:26,0
DA:28,0
DA:29,0
DA:32,0
DA:35,0
DA:36,0
DA:37,0
DA:39,0
DA:48,0
DA:49,0
DA:50,0
DA:53,0
DA:54,0
DA:55,0
DA:56,0
DA:58,0
DA:59,0
end_of_record

